#
# A fatal error has been detected by the Java Runtime Environment:
#
#  EXCEPTION_ACCESS_VIOLATION (0xc0000005) at pc=0x00007ffb588ec52a, pid=31152, tid=3816
#
# JRE version: OpenJDK Runtime Environment Temurin-17+35 (17.0+35) (build 17+35)
# Java VM: OpenJDK 64-Bit Server VM Temurin-17+35 (17+35, mixed mode, tiered, compressed oops, compressed class ptrs, g1 gc, windows-amd64)
# Problematic frame:
# V  [jvm.dll+0x79c52a]
#
# No core dump will be written. Minidumps are not enabled by default on client versions of Windows
#
# If you would like to submit a bug report, please visit:
#   https://github.com/adoptium/adoptium-support/issues
#

---------------  S U M M A R Y ------------

Command Line: -XX:+ShowCodeDetailsInExceptionMessages -agentlib:jdwp=transport=dt_socket,suspend=y,address=localhost:54379 -javaagent:C:\Users\osvae\Documents\software\sts-4.12.1.RELEASE\configuration\org.eclipse.osgi\258\0\.cp\lib\javaagent-shaded.jar -Dfile.encoding=UTF-8 java8.homework.ranjitha.Ex4PalindromeString

Host: Intel(R) Core(TM) i5-10300H CPU @ 2.50GHz, 8 cores, 7G,  Windows 10 , 64 bit Build 19041 (10.0.19041.1503)
Time: Thu Mar  3 13:56:07 2022 Central Standard Time (Mexico) elapsed time: 348.066012 seconds (0d 0h 5m 48s)

---------------  T H R E A D  ---------------

Current thread (0x000002162ce6be80):  JavaThread "JDWP Transport Listener: dt_socket" daemon [_thread_in_vm, id=3816, stack(0x0000006463000000,0x0000006463100000)]

Stack: [0x0000006463000000,0x0000006463100000],  sp=0x00000064630ff140,  free space=1020k
Native frames: (J=compiled Java code, j=interpreted, Vv=VM code, C=native code)
V  [jvm.dll+0x79c52a]
V  [jvm.dll+0x50867c]
V  [jvm.dll+0x4cfce4]
C  [jdwp.dll+0x22dff]


siginfo: EXCEPTION_ACCESS_VIOLATION (0xc0000005), reading address 0x000000000039000a


Register to memory mapping:

RIP=0x00007ffb588ec52a jvm.dll
RAX=0x000000000000003a is an unknown value
RBX=0x000002162cc13070 points into unknown readable memory: 0x6f4c52444c432f72 | 72 2f 43 4c 44 52 4c 6f
RCX=0x0000000000390006 is an unknown value
RDX=0x000002162d48b6c0 points into unknown readable memory: 0x682f386176616a4c | 4c 6a 61 76 61 38 2f 68
RSP=0x00000064630ff140 is pointing into the stack for thread: 0x000002162ce6be80
RBP=0x000002162ce53800 points into unknown readable memory: 0x0000000000000002 | 02 00 00 00 00 00 00 00
RSI=0x0 is NULL
RDI=0xffffffffffffffff is an unknown value
R8 =0x0000000000000008 is an unknown value
R9 =0x0000000000000040 is an unknown value
R10=0x0 is NULL
R11=0x00000064630ff160 is pointing into the stack for thread: 0x000002162ce6be80
R12=0x00000064630ff298 is pointing into the stack for thread: 0x000002162ce6be80
R13=0x0 is NULL
R14=0x00000001001063a0 is a pointer to class: 
java8.homework.ranjitha.Ex4PalindromeString$2 {0x00000001001063a8}
 - instance size:     2
 - klass size:        74
 - access:            synchronized 
 - state:             fully_initialized
 - name:              'java8/homework/ranjitha/Ex4PalindromeString$2'
 - super:             'java/lang/Object'
 - sub:               
 - arrays:            NULL
 - methods:           Array<T>(0x000002162dc419b8)
 - method ordering:   Array<T>(0x000002162dc46438)
 - default_methods:   Array<T>(0x000002162dc41c20)
 - default vtable indices:   Array<T>(0x000002162dc41c30)
 - local interfaces:  Array<T>(0x000002162dc41998)
 - trans. interfaces: Array<T>(0x000002162dc41bf8)
 - constants:         constant pool [68] {0x000002162dc48008} for 'java8/homework/ranjitha/Ex4PalindromeString$2' cache=0x000002162dc47638
 - class loader data:  loader data: 0x000002162cc93670 for instance a 'jdk/internal/loader/ClassLoaders$AppClassLoader'{0x000000008a56cdc0}
 - source file:       'Ex4PalindromeString.java'
 - source debug extension:       SMAP
Ex4PalindromeString.java
Java
*S jdt
*F
1 Ex4PalindromeString.java
2 file:/C:/Users/osvae/Documents/proyects/java-8-homework/target/classes/
*L
*E

 - class annotations:       Array<T>(0x0000000000000000)
 - class type annotations:  Array<T>(0x0000000000000000)
 - field annotations:       Array<T>(0x0000000000000000)
 - field type annotations:  Array<T>(0x0000000000000000)
 - generic signature: '
[error occurred during error reporting (printing register info), id 0xc0000005, EXCEPTION_ACCESS_VIOLATION (0xc0000005) at pc=0x00007ffb588ed136]

Registers:
RAX=0x000000000000003a, RBX=0x000002162cc13070, RCX=0x0000000000390006, RDX=0x000002162d48b6c0
RSP=0x00000064630ff140, RBP=0x000002162ce53800, RSI=0x0000000000000000, RDI=0xffffffffffffffff
R8 =0x0000000000000008, R9 =0x0000000000000040, R10=0x0000000000000000, R11=0x00000064630ff160
R12=0x00000064630ff298, R13=0x0000000000000000, R14=0x00000001001063a0, R15=0x00000064630ff2c0
RIP=0x00007ffb588ec52a, EFLAGS=0x0000000000010202

Top of Stack: (sp=0x00000064630ff140)
0x00000064630ff140:   000000000000002d 00000001001063a0
0x00000064630ff150:   000002162d749650 00007ffbb53f47b1
0x00000064630ff160:   ffffffffffffffff 00007ffb5865867c
0x00000064630ff170:   000002162cc13070 000002162cc13040
0x00000064630ff180:   000002162ce53800 00007ffb5865b19d
0x00000064630ff190:   000002162cc13000 00000000000003d8
0x00000064630ff1a0:   000002162cc13010 000002162cc133e8
0x00000064630ff1b0:   0000000000002b01 00000064630ff298
0x00000064630ff1c0:   0000000000000007 000002162ce6c128
0x00000064630ff1d0:   0000000089c68698 00007ffb5861fce4
0x00000064630ff1e0:   000002162ce6be80 00000064630ff2c0
0x00000064630ff1f0:   00000216122d6760 00000064630ff2c0
0x00000064630ff200:   000002162ce6be80 0000000000000000
0x00000064630ff210:   0000000000000000 0000000000000000
0x00000064630ff220:   000002162ceb8cd8 00007ffbabd42dff
0x00000064630ff230:   00000064630ff2b8 00007ffbabd51aa0 

Instructions: (pc=0x00007ffb588ec52a)
0x00007ffb588ec42a:   48 83 c4 20 5f e9 6c 96 90 ff cc cc cc cc cc cc
0x00007ffb588ec43a:   cc cc cc cc cc cc 48 89 5c 24 08 57 48 83 ec 20
0x00007ffb588ec44a:   83 fa 02 8d 42 06 b9 08 00 00 00 49 8b d8 0f 4e
0x00007ffb588ec45a:   c1 48 63 c8 48 83 c1 07 83 e1 f8 48 63 f9 49 8b
0x00007ffb588ec46a:   48 18 48 8b c7 48 f7 d0 48 3b c1 73 16 4c 8d 05
0x00007ffb588ec47a:   ba 4c 17 00 48 8b d7 48 8b cb e8 77 f9 90 ff 48
0x00007ffb588ec48a:   8b 4b 18 48 8d 04 39 48 3b 43 20 76 18 45 33 c0
0x00007ffb588ec49a:   48 8b d7 48 8b cb 48 8b 5c 24 30 48 83 c4 20 5f
0x00007ffb588ec4aa:   e9 d1 f5 90 ff 48 89 43 18 48 8b c1 48 8b 5c 24
0x00007ffb588ec4ba:   30 48 83 c4 20 5f c3 cc cc cc cc cc cc cc cc cc
0x00007ffb588ec4ca:   cc cc cc cc cc cc 4c 8b d2 4c 8b d9 45 85 c0 7e
0x00007ffb588ec4da:   3c 44 0f b7 49 04 41 8d 40 ff 41 3b c1 44 0f 4c
0x00007ffb588ec4ea:   c8 4d 63 c1 45 85 c9 7e 1f 48 8b c2 4c 2b da 49
0x00007ffb588ec4fa:   8b d0 0f 1f 40 00 41 0f b6 4c 03 06 88 08 48 8d
0x00007ffb588ec50a:   40 01 48 83 ea 01 75 ee 43 c6 04 10 00 49 8b c2
0x00007ffb588ec51a:   c3 cc cc cc cc cc 48 89 5c 24 08 57 48 83 ec 20
0x00007ffb588ec52a:   0f b7 59 04 48 8b f9 33 d2 48 8d 4b 01 e8 24 e8
0x00007ffb588ec53a:   f2 ff 0f b7 57 04 4c 8b c0 3b da 0f 42 d3 44 8b
0x00007ffb588ec54a:   ca 85 d2 74 39 48 2b f8 0f 1f 40 00 66 66 0f 1f
0x00007ffb588ec55a:   84 00 00 00 00 00 0f b6 4c 07 06 88 08 48 ff c0
0x00007ffb588ec56a:   48 8b c8 49 2b c8 49 3b c9 7c eb 42 c6 04 02 00
0x00007ffb588ec57a:   49 8b c0 48 8b 5c 24 30 48 83 c4 20 5f c3 48 8b
0x00007ffb588ec58a:   5c 24 30 c6 04 02 00 48 83 c4 20 5f c3 cc cc cc
0x00007ffb588ec59a:   cc cc cc cc cc cc 4c 8b d1 45 85 c0 7e 6c 44 0f
0x00007ffb588ec5aa:   b7 49 04 41 8d 40 ff 41 3b c1 44 0f 4c c8 4d 63
0x00007ffb588ec5ba:   d9 45 85 c9 7e 22 48 8b ca 4c 2b d2 4d 8b c3 0f
0x00007ffb588ec5ca:   1f 80 00 00 00 00 41 0f b6 44 0a 06 88 01 48 8d
0x00007ffb588ec5da:   49 01 49 83 e8 01 75 ee 41 c6 04 13 00 48 c7 c0
0x00007ffb588ec5ea:   ff ff ff ff 66 90 48 ff c0 80 3c 02 00 75 f7 48
0x00007ffb588ec5fa:   63 c8 85 c0 48 8b c2 7e 14 80 38 2f 75 03 c6 00
0x00007ffb588ec60a:   2e 48 ff c0 48 83 e9 01 75 ef 48 8b c2 c3 cc cc
0x00007ffb588ec61a:   cc cc cc cc cc cc 48 83 ec 28 e8 f7 fe ff ff 4c 


Stack slot to memory mapping:
stack at sp + 0 slots: 0x000000000000002d is an unknown value
stack at sp + 1 slots: 0x00000001001063a0 is a pointer to class: 
java8.homework.ranjitha.Ex4PalindromeString$2 {0x00000001001063a8}
 - instance size:     2
 - klass size:        74
 - access:            synchronized 
 - state:             fully_initialized
 - name:              'java8/homework/ranjitha/Ex4PalindromeString$2'
 - super:             'java/lang/Object'
 - sub:               
 - arrays:            NULL
 - methods:           Array<T>(0x000002162dc419b8)
 - method ordering:   Array<T>(0x000002162dc46438)
 - default_methods:   Array<T>(0x000002162dc41c20)
 - default vtable indices:   Array<T>(0x000002162dc41c30)
 - local interfaces:  Array<T>(0x000002162dc41998)
 - trans. interfaces: Array<T>(0x000002162dc41bf8)
 - constants:         constant pool [68] {0x000002162dc48008} for 'java8/homework/ranjitha/Ex4PalindromeString$2' cache=0x000002162dc47638
 - class loader data:  loader data: 0x000002162cc93670 for instance a 'jdk/internal/loader/ClassLoaders$AppClassLoader'{0x000000008a56cdc0}
 - source file:       'Ex4PalindromeString.java'
 - source debug extension:       SMAP
Ex4PalindromeString.java
Java
*S jdt
*F
1 Ex4PalindromeString.java
2 file:/C:/Users/osvae/Documents/proyects/java-8-homework/target/classes/
*L
*E

 - class annotations:       Array<T>(0x0000000000000000)
 - class type annotations:  Array<T>(0x0000000000000000)
 - field annotations:       Array<T>(0x0000000000000000)
 - field type annotations:  Array<T>(0x0000000000000000)
 - generic signature: '
[error occurred during error reporting (inspecting top of stack), id 0xc0000005, EXCEPTION_ACCESS_VIOLATION (0xc0000005) at pc=0x00007ffb588ed136]


---------------  P R O C E S S  ---------------

Threads class SMR info:
_java_thread_list=0x000002162d842c30, length=15, elements={
0x00000216122e81e0, 0x000002162c182460, 0x000002162c183530, 0x000002162c1cd1a0,
0x000002162c1ddd70, 0x000002162c1de630, 0x000002162cc02090, 0x000002162cc08280,
0x000002162cc10d30, 0x000002162cc12b20, 0x000002162ccda450, 0x000002162ce6be80,
0x000002162ceba780, 0x000002162cebac70, 0x000002162ce5e160
}

Java Threads: ( => current thread )
  0x00000216122e81e0 JavaThread "main" [_thread_blocked, id=14804, stack(0x0000006461f00000,0x0000006462000000)]
  0x000002162c182460 JavaThread "Reference Handler" daemon [_thread_blocked, id=35448, stack(0x0000006462600000,0x0000006462700000)]
  0x000002162c183530 JavaThread "Finalizer" daemon [_thread_blocked, id=1824, stack(0x0000006462700000,0x0000006462800000)]
  0x000002162c1cd1a0 JavaThread "Signal Dispatcher" daemon [_thread_blocked, id=29556, stack(0x0000006462800000,0x0000006462900000)]
  0x000002162c1ddd70 JavaThread "Attach Listener" daemon [_thread_blocked, id=2500, stack(0x0000006462900000,0x0000006462a00000)]
  0x000002162c1de630 JavaThread "Service Thread" daemon [_thread_blocked, id=28900, stack(0x0000006462a00000,0x0000006462b00000)]
  0x000002162cc02090 JavaThread "Monitor Deflation Thread" daemon [_thread_blocked, id=18776, stack(0x0000006462b00000,0x0000006462c00000)]
  0x000002162cc08280 JavaThread "C2 CompilerThread0" daemon [_thread_blocked, id=18472, stack(0x0000006462c00000,0x0000006462d00000)]
  0x000002162cc10d30 JavaThread "C1 CompilerThread0" daemon [_thread_blocked, id=35908, stack(0x0000006462d00000,0x0000006462e00000)]
  0x000002162cc12b20 JavaThread "Sweeper thread" daemon [_thread_blocked, id=32416, stack(0x0000006462e00000,0x0000006462f00000)]
  0x000002162ccda450 JavaThread "Common-Cleaner" daemon [_thread_blocked, id=10668, stack(0x0000006462f00000,0x0000006463000000)]
=>0x000002162ce6be80 JavaThread "JDWP Transport Listener: dt_socket" daemon [_thread_in_vm, id=3816, stack(0x0000006463000000,0x0000006463100000)]
  0x000002162ceba780 JavaThread "JDWP Event Helper Thread" daemon [_thread_blocked, id=17172, stack(0x0000006463100000,0x0000006463200000)]
  0x000002162cebac70 JavaThread "JDWP Command Reader" daemon [_thread_in_native, id=12452, stack(0x0000006463200000,0x0000006463300000)]
  0x000002162ce5e160 JavaThread "Notification Thread" daemon [_thread_blocked, id=36564, stack(0x0000006463400000,0x0000006463500000)]

Other Threads:
  0x000002162c139290 VMThread "VM Thread" [stack: 0x0000006462500000,0x0000006462600000] [id=35952]
  0x000002162d386050 WatcherThread [stack: 0x0000006463500000,0x0000006463600000] [id=37532]
  0x0000021612329430 GCTaskThread "GC Thread#0" [stack: 0x0000006462000000,0x0000006462100000] [id=36284]
  0x0000021612339e70 ConcurrentGCThread "G1 Main Marker" [stack: 0x0000006462100000,0x0000006462200000] [id=25256]
  0x000002161233b020 ConcurrentGCThread "G1 Conc#0" [stack: 0x0000006462200000,0x0000006462300000] [id=19876]
  0x000002162bff0090 ConcurrentGCThread "G1 Refine#0" [stack: 0x0000006462300000,0x0000006462400000] [id=2764]
  0x000002162bff1ac0 ConcurrentGCThread "G1 Service" [stack: 0x0000006462400000,0x0000006462500000] [id=35420]

Threads with active compile tasks:

VM state: not at safepoint (normal execution)

VM Mutex/Monitor currently owned by a thread: None

Heap address: 0x0000000082800000, size: 2008 MB, Compressed Oops mode: 32-bit

CDS archive(s) not mapped
Compressed class space mapped at: 0x0000000100000000-0x0000000140000000, reserved size: 1073741824
Narrow klass base: 0x0000000000000000, Narrow klass shift: 3, Narrow klass range: 0x140000000

GC Precious Log:
 CPUs: 8 total, 8 available
 Memory: 8029M
 Large Page Support: Disabled
 NUMA Support: Disabled
 Compressed Oops: Enabled (32-bit)
 Heap Region Size: 1M
 Heap Min Capacity: 8M
 Heap Initial Capacity: 126M
 Heap Max Capacity: 2008M
 Pre-touch: Disabled
 Parallel Workers: 8
 Concurrent Workers: 2
 Concurrent Refinement Workers: 8
 Periodic GC: Disabled

Heap:
 garbage-first heap   total 129024K, used 12288K [0x0000000082800000, 0x0000000100000000)
  region size 1024K, 11 young (11264K), 0 survivors (0K)
 Metaspace       used 10181K, committed 10304K, reserved 1064960K
  class space    used 887K, committed 960K, reserved 1048576K

Heap Regions: E=young(eden), S=young(survivor), O=old, HS=humongous(starts), HC=humongous(continues), CS=collection set, F=free, OA=open archive, CA=closed archive, TAMS=top-at-mark-start (previous, next)
|   0|0x0000000082800000, 0x0000000082900000, 0x0000000082900000|100%|HS|  |TAMS 0x0000000082800000, 0x0000000082800000| Complete 
|   1|0x0000000082900000, 0x0000000082a00000, 0x0000000082a00000|100%|HS|  |TAMS 0x0000000082900000, 0x0000000082900000| Complete 
|   2|0x0000000082a00000, 0x0000000082a00000, 0x0000000082b00000|  0%| F|  |TAMS 0x0000000082a00000, 0x0000000082a00000| Untracked 
|   3|0x0000000082b00000, 0x0000000082b00000, 0x0000000082c00000|  0%| F|  |TAMS 0x0000000082b00000, 0x0000000082b00000| Untracked 
|   4|0x0000000082c00000, 0x0000000082c00000, 0x0000000082d00000|  0%| F|  |TAMS 0x0000000082c00000, 0x0000000082c00000| Untracked 
|   5|0x0000000082d00000, 0x0000000082d00000, 0x0000000082e00000|  0%| F|  |TAMS 0x0000000082d00000, 0x0000000082d00000| Untracked 
|   6|0x0000000082e00000, 0x0000000082e00000, 0x0000000082f00000|  0%| F|  |TAMS 0x0000000082e00000, 0x0000000082e00000| Untracked 
|   7|0x0000000082f00000, 0x0000000082f00000, 0x0000000083000000|  0%| F|  |TAMS 0x0000000082f00000, 0x0000000082f00000| Untracked 
|   8|0x0000000083000000, 0x0000000083000000, 0x0000000083100000|  0%| F|  |TAMS 0x0000000083000000, 0x0000000083000000| Untracked 
|   9|0x0000000083100000, 0x0000000083100000, 0x0000000083200000|  0%| F|  |TAMS 0x0000000083100000, 0x0000000083100000| Untracked 
|  10|0x0000000083200000, 0x0000000083200000, 0x0000000083300000|  0%| F|  |TAMS 0x0000000083200000, 0x0000000083200000| Untracked 
|  11|0x0000000083300000, 0x0000000083300000, 0x0000000083400000|  0%| F|  |TAMS 0x0000000083300000, 0x0000000083300000| Untracked 
|  12|0x0000000083400000, 0x0000000083400000, 0x0000000083500000|  0%| F|  |TAMS 0x0000000083400000, 0x0000000083400000| Untracked 
|  13|0x0000000083500000, 0x0000000083500000, 0x0000000083600000|  0%| F|  |TAMS 0x0000000083500000, 0x0000000083500000| Untracked 
|  14|0x0000000083600000, 0x0000000083600000, 0x0000000083700000|  0%| F|  |TAMS 0x0000000083600000, 0x0000000083600000| Untracked 
|  15|0x0000000083700000, 0x0000000083700000, 0x0000000083800000|  0%| F|  |TAMS 0x0000000083700000, 0x0000000083700000| Untracked 
|  16|0x0000000083800000, 0x0000000083800000, 0x0000000083900000|  0%| F|  |TAMS 0x0000000083800000, 0x0000000083800000| Untracked 
|  17|0x0000000083900000, 0x0000000083900000, 0x0000000083a00000|  0%| F|  |TAMS 0x0000000083900000, 0x0000000083900000| Untracked 
|  18|0x0000000083a00000, 0x0000000083a00000, 0x0000000083b00000|  0%| F|  |TAMS 0x0000000083a00000, 0x0000000083a00000| Untracked 
|  19|0x0000000083b00000, 0x0000000083b00000, 0x0000000083c00000|  0%| F|  |TAMS 0x0000000083b00000, 0x0000000083b00000| Untracked 
|  20|0x0000000083c00000, 0x0000000083c00000, 0x0000000083d00000|  0%| F|  |TAMS 0x0000000083c00000, 0x0000000083c00000| Untracked 
|  21|0x0000000083d00000, 0x0000000083d00000, 0x0000000083e00000|  0%| F|  |TAMS 0x0000000083d00000, 0x0000000083d00000| Untracked 
|  22|0x0000000083e00000, 0x0000000083e00000, 0x0000000083f00000|  0%| F|  |TAMS 0x0000000083e00000, 0x0000000083e00000| Untracked 
|  23|0x0000000083f00000, 0x0000000083f00000, 0x0000000084000000|  0%| F|  |TAMS 0x0000000083f00000, 0x0000000083f00000| Untracked 
|  24|0x0000000084000000, 0x0000000084000000, 0x0000000084100000|  0%| F|  |TAMS 0x0000000084000000, 0x0000000084000000| Untracked 
|  25|0x0000000084100000, 0x0000000084100000, 0x0000000084200000|  0%| F|  |TAMS 0x0000000084100000, 0x0000000084100000| Untracked 
|  26|0x0000000084200000, 0x0000000084200000, 0x0000000084300000|  0%| F|  |TAMS 0x0000000084200000, 0x0000000084200000| Untracked 
|  27|0x0000000084300000, 0x0000000084300000, 0x0000000084400000|  0%| F|  |TAMS 0x0000000084300000, 0x0000000084300000| Untracked 
|  28|0x0000000084400000, 0x0000000084400000, 0x0000000084500000|  0%| F|  |TAMS 0x0000000084400000, 0x0000000084400000| Untracked 
|  29|0x0000000084500000, 0x0000000084500000, 0x0000000084600000|  0%| F|  |TAMS 0x0000000084500000, 0x0000000084500000| Untracked 
|  30|0x0000000084600000, 0x0000000084600000, 0x0000000084700000|  0%| F|  |TAMS 0x0000000084600000, 0x0000000084600000| Untracked 
|  31|0x0000000084700000, 0x0000000084700000, 0x0000000084800000|  0%| F|  |TAMS 0x0000000084700000, 0x0000000084700000| Untracked 
|  32|0x0000000084800000, 0x0000000084800000, 0x0000000084900000|  0%| F|  |TAMS 0x0000000084800000, 0x0000000084800000| Untracked 
|  33|0x0000000084900000, 0x0000000084900000, 0x0000000084a00000|  0%| F|  |TAMS 0x0000000084900000, 0x0000000084900000| Untracked 
|  34|0x0000000084a00000, 0x0000000084a00000, 0x0000000084b00000|  0%| F|  |TAMS 0x0000000084a00000, 0x0000000084a00000| Untracked 
|  35|0x0000000084b00000, 0x0000000084b00000, 0x0000000084c00000|  0%| F|  |TAMS 0x0000000084b00000, 0x0000000084b00000| Untracked 
|  36|0x0000000084c00000, 0x0000000084c00000, 0x0000000084d00000|  0%| F|  |TAMS 0x0000000084c00000, 0x0000000084c00000| Untracked 
|  37|0x0000000084d00000, 0x0000000084d00000, 0x0000000084e00000|  0%| F|  |TAMS 0x0000000084d00000, 0x0000000084d00000| Untracked 
|  38|0x0000000084e00000, 0x0000000084e00000, 0x0000000084f00000|  0%| F|  |TAMS 0x0000000084e00000, 0x0000000084e00000| Untracked 
|  39|0x0000000084f00000, 0x0000000084f00000, 0x0000000085000000|  0%| F|  |TAMS 0x0000000084f00000, 0x0000000084f00000| Untracked 
|  40|0x0000000085000000, 0x0000000085000000, 0x0000000085100000|  0%| F|  |TAMS 0x0000000085000000, 0x0000000085000000| Untracked 
|  41|0x0000000085100000, 0x0000000085100000, 0x0000000085200000|  0%| F|  |TAMS 0x0000000085100000, 0x0000000085100000| Untracked 
|  42|0x0000000085200000, 0x0000000085200000, 0x0000000085300000|  0%| F|  |TAMS 0x0000000085200000, 0x0000000085200000| Untracked 
|  43|0x0000000085300000, 0x0000000085300000, 0x0000000085400000|  0%| F|  |TAMS 0x0000000085300000, 0x0000000085300000| Untracked 
|  44|0x0000000085400000, 0x0000000085400000, 0x0000000085500000|  0%| F|  |TAMS 0x0000000085400000, 0x0000000085400000| Untracked 
|  45|0x0000000085500000, 0x0000000085500000, 0x0000000085600000|  0%| F|  |TAMS 0x0000000085500000, 0x0000000085500000| Untracked 
|  46|0x0000000085600000, 0x0000000085600000, 0x0000000085700000|  0%| F|  |TAMS 0x0000000085600000, 0x0000000085600000| Untracked 
|  47|0x0000000085700000, 0x0000000085700000, 0x0000000085800000|  0%| F|  |TAMS 0x0000000085700000, 0x0000000085700000| Untracked 
|  48|0x0000000085800000, 0x0000000085800000, 0x0000000085900000|  0%| F|  |TAMS 0x0000000085800000, 0x0000000085800000| Untracked 
|  49|0x0000000085900000, 0x0000000085900000, 0x0000000085a00000|  0%| F|  |TAMS 0x0000000085900000, 0x0000000085900000| Untracked 
|  50|0x0000000085a00000, 0x0000000085a00000, 0x0000000085b00000|  0%| F|  |TAMS 0x0000000085a00000, 0x0000000085a00000| Untracked 
|  51|0x0000000085b00000, 0x0000000085b00000, 0x0000000085c00000|  0%| F|  |TAMS 0x0000000085b00000, 0x0000000085b00000| Untracked 
|  52|0x0000000085c00000, 0x0000000085c00000, 0x0000000085d00000|  0%| F|  |TAMS 0x0000000085c00000, 0x0000000085c00000| Untracked 
|  53|0x0000000085d00000, 0x0000000085d00000, 0x0000000085e00000|  0%| F|  |TAMS 0x0000000085d00000, 0x0000000085d00000| Untracked 
|  54|0x0000000085e00000, 0x0000000085e00000, 0x0000000085f00000|  0%| F|  |TAMS 0x0000000085e00000, 0x0000000085e00000| Untracked 
|  55|0x0000000085f00000, 0x0000000085f00000, 0x0000000086000000|  0%| F|  |TAMS 0x0000000085f00000, 0x0000000085f00000| Untracked 
|  56|0x0000000086000000, 0x0000000086000000, 0x0000000086100000|  0%| F|  |TAMS 0x0000000086000000, 0x0000000086000000| Untracked 
|  57|0x0000000086100000, 0x0000000086100000, 0x0000000086200000|  0%| F|  |TAMS 0x0000000086100000, 0x0000000086100000| Untracked 
|  58|0x0000000086200000, 0x0000000086200000, 0x0000000086300000|  0%| F|  |TAMS 0x0000000086200000, 0x0000000086200000| Untracked 
|  59|0x0000000086300000, 0x0000000086300000, 0x0000000086400000|  0%| F|  |TAMS 0x0000000086300000, 0x0000000086300000| Untracked 
|  60|0x0000000086400000, 0x0000000086400000, 0x0000000086500000|  0%| F|  |TAMS 0x0000000086400000, 0x0000000086400000| Untracked 
|  61|0x0000000086500000, 0x0000000086500000, 0x0000000086600000|  0%| F|  |TAMS 0x0000000086500000, 0x0000000086500000| Untracked 
|  62|0x0000000086600000, 0x0000000086600000, 0x0000000086700000|  0%| F|  |TAMS 0x0000000086600000, 0x0000000086600000| Untracked 
|  63|0x0000000086700000, 0x0000000086700000, 0x0000000086800000|  0%| F|  |TAMS 0x0000000086700000, 0x0000000086700000| Untracked 
|  64|0x0000000086800000, 0x0000000086800000, 0x0000000086900000|  0%| F|  |TAMS 0x0000000086800000, 0x0000000086800000| Untracked 
|  65|0x0000000086900000, 0x0000000086900000, 0x0000000086a00000|  0%| F|  |TAMS 0x0000000086900000, 0x0000000086900000| Untracked 
|  66|0x0000000086a00000, 0x0000000086a00000, 0x0000000086b00000|  0%| F|  |TAMS 0x0000000086a00000, 0x0000000086a00000| Untracked 
|  67|0x0000000086b00000, 0x0000000086b00000, 0x0000000086c00000|  0%| F|  |TAMS 0x0000000086b00000, 0x0000000086b00000| Untracked 
|  68|0x0000000086c00000, 0x0000000086c00000, 0x0000000086d00000|  0%| F|  |TAMS 0x0000000086c00000, 0x0000000086c00000| Untracked 
|  69|0x0000000086d00000, 0x0000000086d00000, 0x0000000086e00000|  0%| F|  |TAMS 0x0000000086d00000, 0x0000000086d00000| Untracked 
|  70|0x0000000086e00000, 0x0000000086e00000, 0x0000000086f00000|  0%| F|  |TAMS 0x0000000086e00000, 0x0000000086e00000| Untracked 
|  71|0x0000000086f00000, 0x0000000086f00000, 0x0000000087000000|  0%| F|  |TAMS 0x0000000086f00000, 0x0000000086f00000| Untracked 
|  72|0x0000000087000000, 0x0000000087000000, 0x0000000087100000|  0%| F|  |TAMS 0x0000000087000000, 0x0000000087000000| Untracked 
|  73|0x0000000087100000, 0x0000000087100000, 0x0000000087200000|  0%| F|  |TAMS 0x0000000087100000, 0x0000000087100000| Untracked 
|  74|0x0000000087200000, 0x0000000087200000, 0x0000000087300000|  0%| F|  |TAMS 0x0000000087200000, 0x0000000087200000| Untracked 
|  75|0x0000000087300000, 0x0000000087300000, 0x0000000087400000|  0%| F|  |TAMS 0x0000000087300000, 0x0000000087300000| Untracked 
|  76|0x0000000087400000, 0x0000000087400000, 0x0000000087500000|  0%| F|  |TAMS 0x0000000087400000, 0x0000000087400000| Untracked 
|  77|0x0000000087500000, 0x0000000087500000, 0x0000000087600000|  0%| F|  |TAMS 0x0000000087500000, 0x0000000087500000| Untracked 
|  78|0x0000000087600000, 0x0000000087600000, 0x0000000087700000|  0%| F|  |TAMS 0x0000000087600000, 0x0000000087600000| Untracked 
|  79|0x0000000087700000, 0x0000000087700000, 0x0000000087800000|  0%| F|  |TAMS 0x0000000087700000, 0x0000000087700000| Untracked 
|  80|0x0000000087800000, 0x0000000087800000, 0x0000000087900000|  0%| F|  |TAMS 0x0000000087800000, 0x0000000087800000| Untracked 
|  81|0x0000000087900000, 0x0000000087900000, 0x0000000087a00000|  0%| F|  |TAMS 0x0000000087900000, 0x0000000087900000| Untracked 
|  82|0x0000000087a00000, 0x0000000087a00000, 0x0000000087b00000|  0%| F|  |TAMS 0x0000000087a00000, 0x0000000087a00000| Untracked 
|  83|0x0000000087b00000, 0x0000000087b00000, 0x0000000087c00000|  0%| F|  |TAMS 0x0000000087b00000, 0x0000000087b00000| Untracked 
|  84|0x0000000087c00000, 0x0000000087c00000, 0x0000000087d00000|  0%| F|  |TAMS 0x0000000087c00000, 0x0000000087c00000| Untracked 
|  85|0x0000000087d00000, 0x0000000087d00000, 0x0000000087e00000|  0%| F|  |TAMS 0x0000000087d00000, 0x0000000087d00000| Untracked 
|  86|0x0000000087e00000, 0x0000000087e00000, 0x0000000087f00000|  0%| F|  |TAMS 0x0000000087e00000, 0x0000000087e00000| Untracked 
|  87|0x0000000087f00000, 0x0000000087f00000, 0x0000000088000000|  0%| F|  |TAMS 0x0000000087f00000, 0x0000000087f00000| Untracked 
|  88|0x0000000088000000, 0x0000000088000000, 0x0000000088100000|  0%| F|  |TAMS 0x0000000088000000, 0x0000000088000000| Untracked 
|  89|0x0000000088100000, 0x0000000088100000, 0x0000000088200000|  0%| F|  |TAMS 0x0000000088100000, 0x0000000088100000| Untracked 
|  90|0x0000000088200000, 0x0000000088200000, 0x0000000088300000|  0%| F|  |TAMS 0x0000000088200000, 0x0000000088200000| Untracked 
|  91|0x0000000088300000, 0x0000000088300000, 0x0000000088400000|  0%| F|  |TAMS 0x0000000088300000, 0x0000000088300000| Untracked 
|  92|0x0000000088400000, 0x0000000088400000, 0x0000000088500000|  0%| F|  |TAMS 0x0000000088400000, 0x0000000088400000| Untracked 
|  93|0x0000000088500000, 0x0000000088500000, 0x0000000088600000|  0%| F|  |TAMS 0x0000000088500000, 0x0000000088500000| Untracked 
|  94|0x0000000088600000, 0x0000000088600000, 0x0000000088700000|  0%| F|  |TAMS 0x0000000088600000, 0x0000000088600000| Untracked 
|  95|0x0000000088700000, 0x0000000088700000, 0x0000000088800000|  0%| F|  |TAMS 0x0000000088700000, 0x0000000088700000| Untracked 
|  96|0x0000000088800000, 0x0000000088800000, 0x0000000088900000|  0%| F|  |TAMS 0x0000000088800000, 0x0000000088800000| Untracked 
|  97|0x0000000088900000, 0x0000000088900000, 0x0000000088a00000|  0%| F|  |TAMS 0x0000000088900000, 0x0000000088900000| Untracked 
|  98|0x0000000088a00000, 0x0000000088a00000, 0x0000000088b00000|  0%| F|  |TAMS 0x0000000088a00000, 0x0000000088a00000| Untracked 
|  99|0x0000000088b00000, 0x0000000088b00000, 0x0000000088c00000|  0%| F|  |TAMS 0x0000000088b00000, 0x0000000088b00000| Untracked 
| 100|0x0000000088c00000, 0x0000000088c00000, 0x0000000088d00000|  0%| F|  |TAMS 0x0000000088c00000, 0x0000000088c00000| Untracked 
| 101|0x0000000088d00000, 0x0000000088d00000, 0x0000000088e00000|  0%| F|  |TAMS 0x0000000088d00000, 0x0000000088d00000| Untracked 
| 102|0x0000000088e00000, 0x0000000088e00000, 0x0000000088f00000|  0%| F|  |TAMS 0x0000000088e00000, 0x0000000088e00000| Untracked 
| 103|0x0000000088f00000, 0x0000000088f00000, 0x0000000089000000|  0%| F|  |TAMS 0x0000000088f00000, 0x0000000088f00000| Untracked 
| 104|0x0000000089000000, 0x0000000089000000, 0x0000000089100000|  0%| F|  |TAMS 0x0000000089000000, 0x0000000089000000| Untracked 
| 105|0x0000000089100000, 0x0000000089100000, 0x0000000089200000|  0%| F|  |TAMS 0x0000000089100000, 0x0000000089100000| Untracked 
| 106|0x0000000089200000, 0x0000000089200000, 0x0000000089300000|  0%| F|  |TAMS 0x0000000089200000, 0x0000000089200000| Untracked 
| 107|0x0000000089300000, 0x0000000089300000, 0x0000000089400000|  0%| F|  |TAMS 0x0000000089300000, 0x0000000089300000| Untracked 
| 108|0x0000000089400000, 0x0000000089400000, 0x0000000089500000|  0%| F|  |TAMS 0x0000000089400000, 0x0000000089400000| Untracked 
| 109|0x0000000089500000, 0x0000000089500000, 0x0000000089600000|  0%| F|  |TAMS 0x0000000089500000, 0x0000000089500000| Untracked 
| 110|0x0000000089600000, 0x0000000089600000, 0x0000000089700000|  0%| F|  |TAMS 0x0000000089600000, 0x0000000089600000| Untracked 
| 111|0x0000000089700000, 0x0000000089700000, 0x0000000089800000|  0%| F|  |TAMS 0x0000000089700000, 0x0000000089700000| Untracked 
| 112|0x0000000089800000, 0x0000000089800000, 0x0000000089900000|  0%| F|  |TAMS 0x0000000089800000, 0x0000000089800000| Untracked 
| 113|0x0000000089900000, 0x0000000089900000, 0x0000000089a00000|  0%| F|  |TAMS 0x0000000089900000, 0x0000000089900000| Untracked 
| 114|0x0000000089a00000, 0x0000000089a00000, 0x0000000089b00000|  0%| F|  |TAMS 0x0000000089a00000, 0x0000000089a00000| Untracked 
| 115|0x0000000089b00000, 0x0000000089c00000, 0x0000000089c00000|100%| E|  |TAMS 0x0000000089b00000, 0x0000000089b00000| Complete 
| 116|0x0000000089c00000, 0x0000000089d00000, 0x0000000089d00000|100%| E|CS|TAMS 0x0000000089c00000, 0x0000000089c00000| Complete 
| 117|0x0000000089d00000, 0x0000000089e00000, 0x0000000089e00000|100%| E|CS|TAMS 0x0000000089d00000, 0x0000000089d00000| Complete 
| 118|0x0000000089e00000, 0x0000000089f00000, 0x0000000089f00000|100%| E|CS|TAMS 0x0000000089e00000, 0x0000000089e00000| Complete 
| 119|0x0000000089f00000, 0x000000008a000000, 0x000000008a000000|100%| E|CS|TAMS 0x0000000089f00000, 0x0000000089f00000| Complete 
| 120|0x000000008a000000, 0x000000008a100000, 0x000000008a100000|100%| E|CS|TAMS 0x000000008a000000, 0x000000008a000000| Complete 
| 121|0x000000008a100000, 0x000000008a200000, 0x000000008a200000|100%| E|CS|TAMS 0x000000008a100000, 0x000000008a100000| Complete 
| 122|0x000000008a200000, 0x000000008a300000, 0x000000008a300000|100%| E|CS|TAMS 0x000000008a200000, 0x000000008a200000| Complete 
| 123|0x000000008a300000, 0x000000008a400000, 0x000000008a400000|100%| E|CS|TAMS 0x000000008a300000, 0x000000008a300000| Complete 
| 124|0x000000008a400000, 0x000000008a500000, 0x000000008a500000|100%| E|CS|TAMS 0x000000008a400000, 0x000000008a400000| Complete 
| 125|0x000000008a500000, 0x000000008a600000, 0x000000008a600000|100%| E|CS|TAMS 0x000000008a500000, 0x000000008a500000| Complete 

Card table byte_map: [0x00000216250c0000,0x00000216254b0000] _byte_map_base: 0x0000021624cac000

Marking Bits (Prev, Next): (CMBitMap*) 0x0000021612329a40, (CMBitMap*) 0x0000021612329a80
 Prev Bits: [0x00000216258a0000, 0x0000021627800000)
 Next Bits: [0x0000021627800000, 0x0000021629760000)

Polling page: 0x00000216102c0000

Metaspace:

Usage:
  Non-class:      9.08 MB used.
      Class:    887.88 KB used.
       Both:      9.94 MB used.

Virtual space:
  Non-class space:       16.00 MB reserved,       9.12 MB ( 57%) committed,  2 nodes.
      Class space:        1.00 GB reserved,     960.00 KB ( <1%) committed,  1 nodes.
             Both:        1.02 GB reserved,      10.06 MB ( <1%) committed. 

Chunk freelists:
   Non-Class:  2.70 MB
       Class:  2.97 MB
        Both:  5.67 MB

MaxMetaspaceSize: unlimited
CompressedClassSpaceSize: 1.00 GB
Initial GC threshold: 21.00 MB
Current GC threshold: 21.00 MB
CDS: off
MetaspaceReclaimPolicy: balanced
 - commit_granule_bytes: 65536.
 - commit_granule_words: 8192.
 - virtual_space_node_default_size: 1048576.
 - enlarge_chunks_in_place: 1.
 - new_chunks_are_fully_committed: 0.
 - uncommit_free_chunks: 1.
 - use_allocation_guard: 0.
 - handle_deallocations: 1.


Internal statistics:

num_allocs_failed_limit: 0.
num_arena_births: 10.
num_arena_deaths: 0.
num_vsnodes_births: 3.
num_vsnodes_deaths: 0.
num_space_committed: 161.
num_space_uncommitted: 0.
num_chunks_returned_to_freelist: 0.
num_chunks_taken_from_freelist: 52.
num_chunk_merges: 0.
num_chunk_splits: 23.
num_chunks_enlarged: 16.
num_purges: 0.
num_inconsistent_stats: 0.

CodeHeap 'non-profiled nmethods': size=120000Kb used=205Kb max_used=205Kb free=119794Kb
 bounds [0x000002161d460000, 0x000002161d6d0000, 0x0000021624990000]
CodeHeap 'profiled nmethods': size=120000Kb used=855Kb max_used=855Kb free=119144Kb
 bounds [0x0000021615f30000, 0x00000216161a0000, 0x000002161d460000]
CodeHeap 'non-nmethods': size=5760Kb used=1199Kb max_used=1216Kb free=4560Kb
 bounds [0x0000021615990000, 0x0000021615c00000, 0x0000021615f30000]
 total_blobs=973 nmethods=558 adapters=328
 compilation: enabled
              stopped_count=0, restarted_count=0
 full_count=0

Compilation events (20 events):
Event: 3.622 Thread 0x000002162cc10d30  549       1       java.util.Collections$EmptyIterator::hasNext (2 bytes)
Event: 3.623 Thread 0x000002162cc10d30 nmethod 549 0x000002161d492810 code [0x000002161d4929a0, 0x000002161d492a78]
Event: 3.629 Thread 0x000002162cc10d30  550       1       java.util.concurrent.ConcurrentHashMap$MapEntry::getKey (5 bytes)
Event: 3.630 Thread 0x000002162cc10d30 nmethod 550 0x000002161d492b10 code [0x000002161d492ca0, 0x000002161d492d78]
Event: 3.630 Thread 0x000002162cc10d30  551       1       java.util.concurrent.ConcurrentHashMap$MapEntry::getValue (5 bytes)
Event: 3.630 Thread 0x000002162cc10d30 nmethod 551 0x000002161d492e10 code [0x000002161d492fa0, 0x000002161d493078]
Event: 3.630 Thread 0x000002162cc10d30  552       3       java.util.Properties::saveConvert (383 bytes)
Event: 3.631 Thread 0x000002162cc10d30 nmethod 552 0x0000021616001690 code [0x0000021616001b00, 0x00000216160037a8]
Event: 3.631 Thread 0x000002162cc10d30  553       3       java.lang.String::getChars (54 bytes)
Event: 3.631 Thread 0x000002162cc10d30 nmethod 553 0x0000021616004290 code [0x0000021616004480, 0x0000021616004918]
Event: 3.631 Thread 0x000002162cc10d30  554       3       java.lang.StringLatin1::getChars (12 bytes)
Event: 3.632 Thread 0x000002162cc10d30 nmethod 554 0x0000021616004b10 code [0x0000021616004ca0, 0x0000021616004de8]
Event: 324.301 Thread 0x000002162cc10d30  555       3       org.eclipse.jdt.launching.internal.org.objectweb.asm.SymbolTable::addConstantUtf8 (20 bytes)
Event: 324.301 Thread 0x000002162cc08280  556       4       org.eclipse.jdt.launching.internal.org.objectweb.asm.ClassReader::readUnsignedShort (26 bytes)
Event: 324.301 Thread 0x000002162cc10d30 nmethod 555 0x0000021616004e90 code [0x0000021616005060, 0x0000021616005308]
Event: 324.301 Thread 0x000002162cc10d30  557       3       org.eclipse.jdt.launching.internal.org.objectweb.asm.ByteVector::putShort (52 bytes)
Event: 324.302 Thread 0x000002162cc10d30 nmethod 557 0x0000021616005490 code [0x0000021616005640, 0x0000021616005848]
Event: 324.302 Thread 0x000002162cc08280 nmethod 556 0x000002161d493110 code [0x000002161d493280, 0x000002161d493398]
Event: 348.042 Thread 0x000002162cc10d30  558       3       org.eclipse.jdt.launching.internal.org.objectweb.asm.SymbolTable::get (13 bytes)
Event: 348.042 Thread 0x000002162cc10d30 nmethod 558 0x0000021616005990 code [0x0000021616005b20, 0x0000021616005c78]

GC Heap History (0 events):
No events

Deoptimization events (20 events):
Event: 1.009 Thread 0x00000216122e81e0 DEOPT PACKING pc=0x0000021615fbea54 sp=0x0000006461ffbdc0
Event: 1.009 Thread 0x00000216122e81e0 DEOPT UNPACKING pc=0x00000216159e2b43 sp=0x0000006461ffb228 mode 0
Event: 1.009 Thread 0x00000216122e81e0 DEOPT PACKING pc=0x0000021615fbea54 sp=0x0000006461ffbdc0
Event: 1.009 Thread 0x00000216122e81e0 DEOPT UNPACKING pc=0x00000216159e2b43 sp=0x0000006461ffb228 mode 0
Event: 1.014 Thread 0x00000216122e81e0 DEOPT PACKING pc=0x0000021615fbeb2c sp=0x0000006461ffb750
Event: 1.014 Thread 0x00000216122e81e0 DEOPT UNPACKING pc=0x00000216159e2b43 sp=0x0000006461ffabb8 mode 0
Event: 1.014 Thread 0x00000216122e81e0 DEOPT PACKING pc=0x0000021615fbeb2c sp=0x0000006461ffb750
Event: 1.014 Thread 0x00000216122e81e0 DEOPT UNPACKING pc=0x00000216159e2b43 sp=0x0000006461ffabb8 mode 0
Event: 1.014 Thread 0x00000216122e81e0 DEOPT PACKING pc=0x0000021615fbea54 sp=0x0000006461ffb750
Event: 1.014 Thread 0x00000216122e81e0 DEOPT UNPACKING pc=0x00000216159e2b43 sp=0x0000006461ffabb8 mode 0
Event: 1.016 Thread 0x00000216122e81e0 DEOPT PACKING pc=0x0000021615fbea54 sp=0x0000006461ffbdc0
Event: 1.016 Thread 0x00000216122e81e0 DEOPT UNPACKING pc=0x00000216159e2b43 sp=0x0000006461ffb228 mode 0
Event: 1.021 Thread 0x00000216122e81e0 DEOPT PACKING pc=0x0000021615fbea54 sp=0x0000006461ff7f60
Event: 1.021 Thread 0x00000216122e81e0 DEOPT UNPACKING pc=0x00000216159e2b43 sp=0x0000006461ff73c8 mode 0
Event: 1.021 Thread 0x00000216122e81e0 DEOPT PACKING pc=0x0000021615fbeb2c sp=0x0000006461ff7f60
Event: 1.021 Thread 0x00000216122e81e0 DEOPT UNPACKING pc=0x00000216159e2b43 sp=0x0000006461ff73c8 mode 0
Event: 1.021 Thread 0x00000216122e81e0 DEOPT PACKING pc=0x0000021615fbeb2c sp=0x0000006461ff7f60
Event: 1.021 Thread 0x00000216122e81e0 DEOPT UNPACKING pc=0x00000216159e2b43 sp=0x0000006461ff73c8 mode 0
Event: 1.022 Thread 0x00000216122e81e0 DEOPT PACKING pc=0x0000021615fbeb2c sp=0x0000006461ff7f60
Event: 1.022 Thread 0x00000216122e81e0 DEOPT UNPACKING pc=0x00000216159e2b43 sp=0x0000006461ff73c8 mode 0

Classes unloaded (0 events):
No events

Classes redefined (6 events):
Event: 324.303 Thread 0x000002162c139290 redefined class name=java8.homework.ranjitha.Ex4PalindromeString$1, count=1
Event: 324.303 Thread 0x000002162c139290 redefined class name=java8.homework.ranjitha.Ex4PalindromeString$2, count=1
Event: 324.303 Thread 0x000002162c139290 redefined class name=java8.homework.ranjitha.Ex4PalindromeString, count=1
Event: 348.043 Thread 0x000002162c139290 redefined class name=java8.homework.ranjitha.Ex4PalindromeString$1, count=2
Event: 348.043 Thread 0x000002162c139290 redefined class name=java8.homework.ranjitha.Ex4PalindromeString$2, count=2
Event: 348.043 Thread 0x000002162c139290 redefined class name=java8.homework.ranjitha.Ex4PalindromeString, count=2

Internal exceptions (0 events):
No events

VM Operations (20 events):
Event: 324.468 Executing VM operation: get/set locals
Event: 324.468 Executing VM operation: get/set locals done
Event: 324.469 Executing VM operation: get/set locals
Event: 324.469 Executing VM operation: get/set locals done
Event: 324.470 Executing VM operation: get/set locals
Event: 324.470 Executing VM operation: get/set locals done
Event: 324.470 Executing VM operation: get/set locals
Event: 324.470 Executing VM operation: get/set locals done
Event: 324.471 Executing VM operation: get/set locals
Event: 324.471 Executing VM operation: get/set locals done
Event: 324.472 Executing VM operation: get/set locals
Event: 324.472 Executing VM operation: get/set locals done
Event: 324.473 Executing VM operation: get/set locals
Event: 324.473 Executing VM operation: get/set locals done
Event: 348.035 Executing VM operation: ChangeSingleStep
Event: 348.035 Executing VM operation: ChangeSingleStep done
Event: 348.035 Executing VM operation: ChangeSingleStep
Event: 348.035 Executing VM operation: ChangeSingleStep done
Event: 348.042 Executing VM operation: RedefineClasses
Event: 348.045 Executing VM operation: RedefineClasses done

Events (20 events):
Event: 3.622 loading class sun/util/resources/Bundles$CacheKey
Event: 3.622 loading class sun/util/resources/Bundles$CacheKey done
Event: 3.622 loading class sun/util/resources/cldr/TimeZoneNames
Event: 3.623 loading class sun/util/resources/TimeZoneNamesBundle
Event: 3.623 loading class sun/util/resources/OpenListResourceBundle
Event: 3.623 loading class sun/util/resources/OpenListResourceBundle done
Event: 3.623 loading class sun/util/resources/TimeZoneNamesBundle done
Event: 3.623 loading class sun/util/resources/cldr/TimeZoneNames done
Event: 3.623 loading class java/util/ResourceBundle$ResourceBundleProviderHelper
Event: 3.623 loading class java/util/ResourceBundle$ResourceBundleProviderHelper done
Event: 3.624 loading class sun/util/resources/Bundles$BundleReference
Event: 3.624 loading class sun/util/resources/Bundles$CacheKeyReference
Event: 3.624 loading class sun/util/resources/Bundles$CacheKeyReference done
Event: 3.624 loading class sun/util/resources/Bundles$BundleReference done
Event: 3.624 loading class sun/util/resources/cldr/TimeZoneNames_en
Event: 3.625 loading class sun/util/resources/cldr/TimeZoneNames_en done
Event: 3.625 loading class sun/util/resources/cldr/TimeZoneNames_en_US
Event: 3.625 loading class sun/util/resources/cldr/TimeZoneNames_en_US done
Event: 3.626 loading class sun/util/locale/provider/LocaleResources$ResourceReference
Event: 3.626 loading class sun/util/locale/provider/LocaleResources$ResourceReference done


Dynamic libraries:
0x00007ff6ad380000 - 0x00007ff6ad38e000 	C:\Users\osvae\Documents\software\sts-4.12.1.RELEASE\plugins\org.eclipse.justj.openjdk.hotspot.jre.full.win32.x86_64_17.0.0.v20211012-1059\jre\bin\javaw.exe
0x00007ffbb53d0000 - 0x00007ffbb55c5000 	C:\Windows\SYSTEM32\ntdll.dll
0x00007ffbb43e0000 - 0x00007ffbb449e000 	C:\Windows\System32\KERNEL32.DLL
0x00007ffbb2b50000 - 0x00007ffbb2e18000 	C:\Windows\System32\KERNELBASE.dll
0x00007ffbb30b0000 - 0x00007ffbb31b0000 	C:\Windows\System32\ucrtbase.dll
0x00007ffbabef0000 - 0x00007ffbabf09000 	C:\Users\osvae\Documents\software\sts-4.12.1.RELEASE\plugins\org.eclipse.justj.openjdk.hotspot.jre.full.win32.x86_64_17.0.0.v20211012-1059\jre\bin\VCRUNTIME140.dll
0x00007ffba0db0000 - 0x00007ffba0dc8000 	C:\Users\osvae\Documents\software\sts-4.12.1.RELEASE\plugins\org.eclipse.justj.openjdk.hotspot.jre.full.win32.x86_64_17.0.0.v20211012-1059\jre\bin\jli.dll
0x00007ffbb3ef0000 - 0x00007ffbb4090000 	C:\Windows\System32\USER32.dll
0x00007ffbb32e0000 - 0x00007ffbb3302000 	C:\Windows\System32\win32u.dll
0x00007ffb9e430000 - 0x00007ffb9e6ca000 	C:\Windows\WinSxS\amd64_microsoft.windows.common-controls_6595b64144ccf1df_6.0.19041.1110_none_60b5254171f9507e\COMCTL32.dll
0x00007ffbb5300000 - 0x00007ffbb532b000 	C:\Windows\System32\GDI32.dll
0x00007ffbb40f0000 - 0x00007ffbb418e000 	C:\Windows\System32\msvcrt.dll
0x00007ffbb3310000 - 0x00007ffbb341d000 	C:\Windows\System32\gdi32full.dll
0x00007ffbb31b0000 - 0x00007ffbb324d000 	C:\Windows\System32\msvcp_win.dll
0x00007ffbb4300000 - 0x00007ffbb4330000 	C:\Windows\System32\IMM32.DLL
0x00007ffbae520000 - 0x00007ffbae52c000 	C:\Users\osvae\Documents\software\sts-4.12.1.RELEASE\plugins\org.eclipse.justj.openjdk.hotspot.jre.full.win32.x86_64_17.0.0.v20211012-1059\jre\bin\vcruntime140_1.dll
0x00007ffb9d230000 - 0x00007ffb9d2c1000 	C:\Users\osvae\Documents\software\sts-4.12.1.RELEASE\plugins\org.eclipse.justj.openjdk.hotspot.jre.full.win32.x86_64_17.0.0.v20211012-1059\jre\bin\msvcp140.dll
0x00007ffb58150000 - 0x00007ffb58d96000 	C:\Users\osvae\Documents\software\sts-4.12.1.RELEASE\plugins\org.eclipse.justj.openjdk.hotspot.jre.full.win32.x86_64_17.0.0.v20211012-1059\jre\bin\server\jvm.dll
0x00007ffbb4330000 - 0x00007ffbb43de000 	C:\Windows\System32\ADVAPI32.dll
0x00007ffbb4c10000 - 0x00007ffbb4cac000 	C:\Windows\System32\sechost.dll
0x00007ffbb5120000 - 0x00007ffbb5245000 	C:\Windows\System32\RPCRT4.dll
0x00007ffbb3650000 - 0x00007ffbb3658000 	C:\Windows\System32\PSAPI.DLL
0x00007ffb9b910000 - 0x00007ffb9b919000 	C:\Windows\SYSTEM32\WSOCK32.dll
0x00007ffb9e880000 - 0x00007ffb9e8a7000 	C:\Windows\SYSTEM32\WINMM.dll
0x00007ffbb4cb0000 - 0x00007ffbb4d1b000 	C:\Windows\System32\WS2_32.dll
0x00007ffbacc30000 - 0x00007ffbacc3a000 	C:\Windows\SYSTEM32\VERSION.dll
0x00007ffbb1360000 - 0x00007ffbb1372000 	C:\Windows\SYSTEM32\kernel.appcore.dll
0x00007ffbae3a0000 - 0x00007ffbae3aa000 	C:\Users\osvae\Documents\software\sts-4.12.1.RELEASE\plugins\org.eclipse.justj.openjdk.hotspot.jre.full.win32.x86_64_17.0.0.v20211012-1059\jre\bin\jimage.dll
0x00007ffbb1070000 - 0x00007ffbb1254000 	C:\Windows\SYSTEM32\DBGHELP.DLL
0x00007ffb9b940000 - 0x00007ffb9b96c000 	C:\Windows\SYSTEM32\dbgcore.DLL
0x00007ffbb3250000 - 0x00007ffbb32d2000 	C:\Windows\System32\bcryptPrimitives.dll
0x00007ffbabd20000 - 0x00007ffbabd5b000 	C:\Users\osvae\Documents\software\sts-4.12.1.RELEASE\plugins\org.eclipse.justj.openjdk.hotspot.jre.full.win32.x86_64_17.0.0.v20211012-1059\jre\bin\jdwp.dll
0x00007ffbad520000 - 0x00007ffbad52e000 	C:\Users\osvae\Documents\software\sts-4.12.1.RELEASE\plugins\org.eclipse.justj.openjdk.hotspot.jre.full.win32.x86_64_17.0.0.v20211012-1059\jre\bin\instrument.dll
0x00007ffba0d80000 - 0x00007ffba0da5000 	C:\Users\osvae\Documents\software\sts-4.12.1.RELEASE\plugins\org.eclipse.justj.openjdk.hotspot.jre.full.win32.x86_64_17.0.0.v20211012-1059\jre\bin\java.dll
0x00007ffba0d60000 - 0x00007ffba0d78000 	C:\Users\osvae\Documents\software\sts-4.12.1.RELEASE\plugins\org.eclipse.justj.openjdk.hotspot.jre.full.win32.x86_64_17.0.0.v20211012-1059\jre\bin\zip.dll
0x00007ffbb44a0000 - 0x00007ffbb4be4000 	C:\Windows\System32\SHELL32.dll
0x00007ffbb08d0000 - 0x00007ffbb1064000 	C:\Windows\SYSTEM32\windows.storage.dll
0x00007ffbb3660000 - 0x00007ffbb39b5000 	C:\Windows\System32\combase.dll
0x00007ffbb2530000 - 0x00007ffbb255e000 	C:\Windows\SYSTEM32\Wldp.dll
0x00007ffbb3e40000 - 0x00007ffbb3eed000 	C:\Windows\System32\SHCORE.dll
0x00007ffbb5330000 - 0x00007ffbb5385000 	C:\Windows\System32\shlwapi.dll
0x00007ffbb2a20000 - 0x00007ffbb2a3f000 	C:\Windows\SYSTEM32\profapi.dll
0x00007ffbae3d0000 - 0x00007ffbae3dc000 	C:\Users\osvae\Documents\software\sts-4.12.1.RELEASE\plugins\org.eclipse.justj.openjdk.hotspot.jre.full.win32.x86_64_17.0.0.v20211012-1059\jre\bin\dt_socket.dll
0x00007ffbb1f30000 - 0x00007ffbb1f6b000 	C:\Windows\SYSTEM32\IPHLPAPI.DLL
0x00007ffbb2290000 - 0x00007ffbb22fa000 	C:\Windows\system32\mswsock.dll
0x00007ffbb1f80000 - 0x00007ffbb204b000 	C:\Windows\SYSTEM32\DNSAPI.dll
0x00007ffbb4190000 - 0x00007ffbb4198000 	C:\Windows\System32\NSI.dll
0x00007ffba1760000 - 0x00007ffba176a000 	C:\Windows\System32\rasadhlp.dll
0x00007ffba1660000 - 0x00007ffba16df000 	C:\Windows\System32\fwpuclnt.dll
0x00007ffbb2f20000 - 0x00007ffbb2f47000 	C:\Windows\System32\bcrypt.dll
0x00007ffb994c0000 - 0x00007ffb994d9000 	C:\Users\osvae\Documents\software\sts-4.12.1.RELEASE\plugins\org.eclipse.justj.openjdk.hotspot.jre.full.win32.x86_64_17.0.0.v20211012-1059\jre\bin\net.dll
0x00007ffba3750000 - 0x00007ffba385c000 	C:\Windows\SYSTEM32\WINHTTP.dll
0x00007ffb992c0000 - 0x00007ffb992d5000 	C:\Users\osvae\Documents\software\sts-4.12.1.RELEASE\plugins\org.eclipse.justj.openjdk.hotspot.jre.full.win32.x86_64_17.0.0.v20211012-1059\jre\bin\nio.dll
0x00007ffbad510000 - 0x00007ffbad520000 	C:\Users\osvae\Documents\software\sts-4.12.1.RELEASE\plugins\org.eclipse.justj.openjdk.hotspot.jre.full.win32.x86_64_17.0.0.v20211012-1059\jre\bin\verify.dll

dbghelp: loaded successfully - version: 4.0.5 - missing functions: none
symbol engine: initialized successfully - sym options: 0x614 - pdb path: .;C:\Users\osvae\Documents\software\sts-4.12.1.RELEASE\plugins\org.eclipse.justj.openjdk.hotspot.jre.full.win32.x86_64_17.0.0.v20211012-1059\jre\bin;C:\Windows\SYSTEM32;C:\Windows\WinSxS\amd64_microsoft.windows.common-controls_6595b64144ccf1df_6.0.19041.1110_none_60b5254171f9507e;C:\Users\osvae\Documents\software\sts-4.12.1.RELEASE\plugins\org.eclipse.justj.openjdk.hotspot.jre.full.win32.x86_64_17.0.0.v20211012-1059\jre\bin\server

VM Arguments:
jvm_args: -XX:+ShowCodeDetailsInExceptionMessages -agentlib:jdwp=transport=dt_socket,suspend=y,address=localhost:54379 -javaagent:C:\Users\osvae\Documents\software\sts-4.12.1.RELEASE\configuration\org.eclipse.osgi\258\0\.cp\lib\javaagent-shaded.jar -Dfile.encoding=UTF-8 
java_command: java8.homework.ranjitha.Ex4PalindromeString
java_class_path (initial): C:\Users\osvae\Documents\proyects\java-8-homework\target\classes;C:\Users\osvae\.m2\repository\org\springframework\boot\spring-boot-starter\2.6.4\spring-boot-starter-2.6.4.jar;C:\Users\osvae\.m2\repository\org\springframework\boot\spring-boot\2.6.4\spring-boot-2.6.4.jar;C:\Users\osvae\.m2\repository\org\springframework\spring-context\5.3.16\spring-context-5.3.16.jar;C:\Users\osvae\.m2\repository\org\springframework\spring-expression\5.3.16\spring-expression-5.3.16.jar;C:\Users\osvae\.m2\repository\org\springframework\boot\spring-boot-autoconfigure\2.6.4\spring-boot-autoconfigure-2.6.4.jar;C:\Users\osvae\.m2\repository\org\springframework\boot\spring-boot-starter-logging\2.6.4\spring-boot-starter-logging-2.6.4.jar;C:\Users\osvae\.m2\repository\ch\qos\logback\logback-classic\1.2.10\logback-classic-1.2.10.jar;C:\Users\osvae\.m2\repository\ch\qos\logback\logback-core\1.2.10\logback-core-1.2.10.jar;C:\Users\osvae\.m2\repository\org\apache\logging\log4j\log4j-to-slf4j\2.17.1\log4j-to-slf4j-2.17.1.jar;C:\Users\osvae\.m2\repository\org\apache\logging\log4j\log4j-api\2.17.1\log4j-api-2.17.1.jar;C:\Users\osvae\.m2\repository\org\slf4j\jul-to-slf4j\1.7.36\jul-to-slf4j-1.7.36.jar;C:\Users\osvae\.m2\repository\jakarta\annotation\jakarta.annotation-api\1.3.5\jakarta.annotation-api-1.3.5.jar;C:\Users\osvae\.m2\repository\org\springframework\spring-core\5.3.16\spring-core-5.3.16.jar;C:\Users\osvae\.m2\repository\org\springframework\spring-jcl\5.3.16\spring-jcl-5.3.16.jar;C:\Users\osvae\.m2\repository\org\yaml\snakeyaml\1.29\snakeyaml-1.29.jar;C:\Users\osvae\.m2\repository\org\apache\poi\poi\4.1.2\poi-4.1.2.jar;C:\Users\osvae\.m2\repository\commons-codec\commons-codec\1.15\commons-codec-1.15.jar;C:\Users\osvae\.m2\repository\org\apache\commons\commons-collections4\4.4\commons-collections4-4.4.jar;C:\Users\osvae\.m2\repository\org\apache\commons\commons-math3\3.6.1\commons-math3-3.6.1.jar;C:\Users\osvae\.m2\repository\com\zaxxer\SparseBitSet\1.2\SparseBit
Launcher Type: SUN_STANDARD

[Global flags]
     intx CICompilerCount                          = 4                                         {product} {ergonomic}
     uint ConcGCThreads                            = 2                                         {product} {ergonomic}
     uint G1ConcRefinementThreads                  = 8                                         {product} {ergonomic}
   size_t G1HeapRegionSize                         = 1048576                                   {product} {ergonomic}
    uintx GCDrainStackTargetSize                   = 64                                        {product} {ergonomic}
   size_t InitialHeapSize                          = 132120576                                 {product} {ergonomic}
   size_t MarkStackSize                            = 4194304                                   {product} {ergonomic}
   size_t MaxHeapSize                              = 2105540608                                {product} {ergonomic}
   size_t MaxNewSize                               = 1262485504                                {product} {ergonomic}
   size_t MinHeapDeltaBytes                        = 1048576                                   {product} {ergonomic}
   size_t MinHeapSize                              = 8388608                                   {product} {ergonomic}
    uintx NonNMethodCodeHeapSize                   = 5839372                                {pd product} {ergonomic}
    uintx NonProfiledCodeHeapSize                  = 122909434                              {pd product} {ergonomic}
    uintx ProfiledCodeHeapSize                     = 122909434                              {pd product} {ergonomic}
    uintx ReservedCodeCacheSize                    = 251658240                              {pd product} {ergonomic}
     bool SegmentedCodeCache                       = true                                      {product} {ergonomic}
     bool ShowCodeDetailsInExceptionMessages       = true                                   {manageable} {command line}
   size_t SoftMaxHeapSize                          = 2105540608                             {manageable} {ergonomic}
     bool UseCompressedClassPointers               = true                           {product lp64_product} {ergonomic}
     bool UseCompressedOops                        = true                           {product lp64_product} {ergonomic}
     bool UseG1GC                                  = true                                      {product} {ergonomic}
     bool UseLargePagesIndividualAllocation        = false                                  {pd product} {ergonomic}

Logging:
Log output configuration:
 #0: stdout all=warning uptime,level,tags
 #1: stderr all=off uptime,level,tags

Environment Variables:
JAVA_HOME=C:\Program Files\Java\jdk-11.0.11
PATH=C:\Users\osvae\Documents\software\sts-4.12.1.RELEASE\plugins\org.eclipse.justj.openjdk.hotspot.jre.full.win32.x86_64_17.0.0.v20211012-1059\jre\bin;C:/Users/osvae/Documents/software/sts-4.12.1.RELEASE//plugins/org.eclipse.justj.openjdk.hotspot.jre.full.win32.x86_64_17.0.0.v20211012-1059/jre/bin/server;C:/Users/osvae/Documents/software/sts-4.12.1.RELEASE//plugins/org.eclipse.justj.openjdk.hotspot.jre.full.win32.x86_64_17.0.0.v20211012-1059/jre/bin;C:\app\osvaldo\product\18.0.0\dbhomeXE\bin;C:\Program Files\Common Files\Oracle\Java\javapath;C:\Program Files (x86)\Common Files\Oracle\Java\javapath;C:\Windows\system32;C:\Windows;C:\Windows\System32\Wbem;C:\Windows\System32\WindowsPowerShell\v1.0\;C:\Windows\System32\OpenSSH\;C:\Program Files (x86)\NVIDIA Corporation\PhysX\Common;C:\Program Files\NVIDIA Corporation\NVIDIA NvDLISR;C:\Program Files\Git\cmd;C:\apache-maven-3.8.4\bin;C:\Program Files\Java\jdk1.8.0_321\bin;C:\Program Files\MySQL\MySQL Shell 8.0\bin\;C:\Users\osvae\AppData\Local\Microsoft\WindowsApps;C:\Users\osvae\AppData\Local\Programs\Microsoft VS Code\bin;C:\Program Files\Java\jdk-11.0.11\bin;C:\Program Files\MySQL\MySQL Server 8.0\bin;;C:\Users\osvae\Documents\software\sts-4.12.1.RELEASE;
USERNAME=osvaldo
OS=Windows_NT
PROCESSOR_IDENTIFIER=Intel64 Family 6 Model 165 Stepping 2, GenuineIntel



---------------  S Y S T E M  ---------------

OS:
 Windows 10 , 64 bit Build 19041 (10.0.19041.1503)
OS uptime: 6 days 5:24 hours

CPU: total 8 (initial active 8) (4 cores per cpu, 2 threads per core) family 6 model 165 stepping 2 microcode 0xc8, cx8, cmov, fxsr, ht, mmx, 3dnowpref, sse, sse2, sse3, ssse3, sse4.1, sse4.2, popcnt, lzcnt, tsc, tscinvbit, avx, avx2, aes, erms, clmul, bmi1, bmi2, adx, fma, vzeroupper, clflush, clflushopt

Memory: 4k page, system-wide physical 8029M (997M free)
TotalPageFile size 25003M (AvailPageFile size 6664M)
current process WorkingSet (physical memory assigned to process): 57M, peak: 59M
current process commit charge ("private bytes"): 213M, peak: 215M

vm_info: OpenJDK 64-Bit Server VM (17+35) for windows-amd64 JRE (17+35), built on Sep 14 2021 17:27:39 by "" with MS VC++ 16.7 (VS2019)

END.
